2018-09-01 22:03:42,328 [Worker-9: Loading available Gradle versions] INFO  c.g.t.t.d.PublishedGradleVersions - Gradle version information cache is not available. Remote download required.
2018-09-03 15:13:31,660 [Worker-7: Loading available Gradle versions] INFO  c.g.t.t.d.PublishedGradleVersions - Gradle version information cache is out-of-date. Trying to update.
2018-09-05 01:29:49,630 [Worker-2: Loading available Gradle versions] INFO  c.g.t.t.d.PublishedGradleVersions - Gradle version information cache is out-of-date. Trying to update.
2018-09-05 13:47:24,448 [Worker-2: Loading available Gradle versions] INFO  c.g.t.t.d.PublishedGradleVersions - Gradle version information cache is up-to-date. Trying to read.
2018-09-06 01:58:23,404 [Worker-10: Loading available Gradle versions] INFO  c.g.t.t.d.PublishedGradleVersions - Gradle version information cache is out-of-date. Trying to update.
2018-09-06 15:30:15,296 [Worker-5: Loading available Gradle versions] INFO  c.g.t.t.d.PublishedGradleVersions - Gradle version information cache is up-to-date. Trying to read.
2018-09-06 15:31:25,538 [Worker-11: Auto share git projects] WARN  org.eclipse.jgit.util.FS - null
2018-09-06 15:35:45,269 [Worker-5: Loading available Gradle versions] INFO  c.g.t.t.d.PublishedGradleVersions - Gradle version information cache is up-to-date. Trying to read.
2018-09-06 20:59:47,131 [Worker-1: Loading available Gradle versions] INFO  c.g.t.t.d.PublishedGradleVersions - Gradle version information cache is up-to-date. Trying to read.
2018-09-06 21:02:04,472 [Worker-12: Auto share git projects] WARN  org.eclipse.jgit.util.FS - null
2018-09-06 21:05:18,670 [Worker-6: Loading available Gradle versions] INFO  c.g.t.t.d.PublishedGradleVersions - Gradle version information cache is up-to-date. Trying to read.
2018-09-06 21:05:48,667 [Worker-10: Auto share git projects] WARN  org.eclipse.jgit.util.FS - null
2018-09-07 13:22:56,711 [main] WARN  org.eclipse.jgit.util.FS - null
2018-09-07 13:22:59,170 [Worker-8: Loading available Gradle versions] INFO  c.g.t.t.d.PublishedGradleVersions - Gradle version information cache is out-of-date. Trying to update.
2018-09-07 14:13:59,179 [main] WARN  org.eclipse.jgit.util.FS - null
2018-09-07 14:14:01,164 [Worker-7: Loading available Gradle versions] INFO  c.g.t.t.d.PublishedGradleVersions - Gradle version information cache is up-to-date. Trying to read.
2018-09-15 21:23:31,489 [main] WARN  org.eclipse.jgit.util.FS - null
2018-09-15 21:23:34,305 [Worker-10: Loading available Gradle versions] INFO  c.g.t.t.d.PublishedGradleVersions - Gradle version information cache is out-of-date. Trying to update.
2018-09-18 23:50:42,236 [main] WARN  org.eclipse.jgit.util.FS - null
2018-09-18 23:50:45,117 [Worker-4: Loading available Gradle versions] INFO  c.g.t.t.d.PublishedGradleVersions - Gradle version information cache is out-of-date. Trying to update.
2018-09-20 02:44:27,144 [main] WARN  org.eclipse.jgit.util.FS - null
2018-09-20 02:44:30,089 [Worker-11: Loading available Gradle versions] INFO  c.g.t.t.d.PublishedGradleVersions - Gradle version information cache is out-of-date. Trying to update.
2018-09-25 22:54:28,273 [main] WARN  org.eclipse.jgit.util.FS - null
2018-09-25 22:54:31,021 [Worker-13: Loading available Gradle versions] INFO  c.g.t.t.d.PublishedGradleVersions - Gradle version information cache is out-of-date. Trying to update.
2018-09-25 23:07:57,465 [main] WARN  org.eclipse.jgit.util.FS - null
2018-09-25 23:08:00,137 [Worker-6: Loading available Gradle versions] INFO  c.g.t.t.d.PublishedGradleVersions - Gradle version information cache is up-to-date. Trying to read.
2018-09-26 16:28:42,799 [main] WARN  org.eclipse.jgit.util.FS - null
2018-09-26 16:28:45,781 [Worker-3: Loading available Gradle versions] INFO  c.g.t.t.d.PublishedGradleVersions - Gradle version information cache is up-to-date. Trying to read.
2018-09-30 17:15:42,437 [main] WARN  org.eclipse.jgit.util.FS - null
2018-09-30 17:15:45,558 [Worker-12: Loading available Gradle versions] INFO  c.g.t.t.d.PublishedGradleVersions - Gradle version information cache is out-of-date. Trying to update.
2018-09-30 20:02:25,119 [Worker-0: Loading available Gradle versions] INFO  c.g.t.t.d.PublishedGradleVersions - Gradle version information cache is up-to-date. Trying to read.
2018-09-30 20:02:25,453 [Worker-5: Decoration Calculation] WARN  org.eclipse.jgit.util.FS - null
2018-10-01 15:15:48,008 [Worker-7: Loading available Gradle versions] INFO  c.g.t.t.d.PublishedGradleVersions - Gradle version information cache is up-to-date. Trying to read.
2018-10-01 15:15:48,837 [Worker-2: Decoration Calculation] WARN  org.eclipse.jgit.util.FS - null
2018-10-04 19:03:21,805 [Worker-2: Loading available Gradle versions] INFO  c.g.t.t.d.PublishedGradleVersions - Gradle version information cache is out-of-date. Trying to update.
2018-10-04 19:03:22,615 [Worker-0: Decoration Calculation] WARN  org.eclipse.jgit.util.FS - null
2018-10-05 14:02:08,265 [Worker-1: Loading available Gradle versions] INFO  c.g.t.t.d.PublishedGradleVersions - Gradle version information cache is up-to-date. Trying to read.
2018-10-05 14:02:09,119 [Worker-6: Decoration Calculation] WARN  org.eclipse.jgit.util.FS - null
2018-10-14 22:38:54,232 [Worker-12: Loading available Gradle versions] INFO  c.g.t.t.d.PublishedGradleVersions - Gradle version information cache is up-to-date. Trying to read.
2018-10-14 22:39:38,580 [Worker-0: Loading available Gradle versions] INFO  c.g.t.t.d.PublishedGradleVersions - Gradle version information cache is up-to-date. Trying to read.
2018-10-16 23:59:49,909 [Worker-9: Loading available Gradle versions] INFO  c.g.t.t.d.PublishedGradleVersions - Gradle version information cache is out-of-date. Trying to update.
2018-10-17 13:56:52,313 [Worker-6: Loading available Gradle versions] INFO  c.g.t.t.d.PublishedGradleVersions - Gradle version information cache is up-to-date. Trying to read.
2018-10-18 15:03:52,909 [Worker-4: Loading available Gradle versions] INFO  c.g.t.t.d.PublishedGradleVersions - Gradle version information cache is out-of-date. Trying to update.
2018-10-23 22:29:35,816 [Worker-2: Loading available Gradle versions] INFO  c.g.t.t.d.PublishedGradleVersions - Gradle version information cache is out-of-date. Trying to update.
2018-10-23 22:29:36,818 [Worker-6: Decoration Calculation] WARN  org.eclipse.jgit.util.FS - null
2018-10-24 16:56:43,868 [Worker-10: Loading available Gradle versions] INFO  c.g.t.t.d.PublishedGradleVersions - Gradle version information cache is up-to-date. Trying to read.
2018-10-24 16:56:44,911 [Worker-7: Decoration Calculation] WARN  org.eclipse.jgit.util.FS - null
2018-10-27 16:45:06,332 [Worker-9: Loading available Gradle versions] INFO  c.g.t.t.d.PublishedGradleVersions - Gradle version information cache is out-of-date. Trying to update.
2018-10-27 16:45:07,319 [Worker-0: Decoration Calculation] WARN  org.eclipse.jgit.util.FS - null
2018-10-28 21:17:33,912 [Worker-2: Loading available Gradle versions] INFO  c.g.t.t.d.PublishedGradleVersions - Gradle version information cache is out-of-date. Trying to update.
2018-10-28 21:17:34,875 [Worker-7: Decoration Calculation] WARN  org.eclipse.jgit.util.FS - null
2018-10-30 22:40:06,888 [Worker-6: Loading available Gradle versions] INFO  c.g.t.t.d.PublishedGradleVersions - Gradle version information cache is out-of-date. Trying to update.
2018-10-30 22:40:07,542 [Worker-8: Decoration Calculation] WARN  org.eclipse.jgit.util.FS - null
2018-10-31 13:40:46,180 [Worker-8: Loading available Gradle versions] INFO  c.g.t.t.d.PublishedGradleVersions - Gradle version information cache is up-to-date. Trying to read.
2018-10-31 13:40:47,073 [Worker-1: Decoration Calculation] WARN  org.eclipse.jgit.util.FS - null
2018-10-31 23:12:08,131 [Worker-7: Loading available Gradle versions] INFO  c.g.t.t.d.PublishedGradleVersions - Gradle version information cache is out-of-date. Trying to update.
2018-10-31 23:12:09,106 [Worker-5: Decoration Calculation] WARN  org.eclipse.jgit.util.FS - null
2018-10-31 23:31:32,893 [Worker-1: Loading available Gradle versions] INFO  c.g.t.t.d.PublishedGradleVersions - Gradle version information cache is up-to-date. Trying to read.
2018-10-31 23:31:33,730 [Worker-7: Decoration Calculation] WARN  org.eclipse.jgit.util.FS - null
2018-11-02 00:29:09,007 [Worker-4: Loading available Gradle versions] INFO  c.g.t.t.d.PublishedGradleVersions - Gradle version information cache is out-of-date. Trying to update.
2018-11-02 00:29:09,817 [Worker-9: Decoration Calculation] WARN  org.eclipse.jgit.util.FS - null
2018-11-05 15:37:39,566 [Worker-1: Loading available Gradle versions] INFO  c.g.t.t.d.PublishedGradleVersions - Gradle version information cache is out-of-date. Trying to update.
2018-11-05 15:37:40,511 [Worker-6: Decoration Calculation] WARN  org.eclipse.jgit.util.FS - null
2018-11-05 17:08:00,706 [Worker-6: Loading available Gradle versions] INFO  c.g.t.t.d.PublishedGradleVersions - Gradle version information cache is up-to-date. Trying to read.
2018-11-05 17:08:01,630 [Worker-8: Decoration Calculation] WARN  org.eclipse.jgit.util.FS - null
2018-11-06 15:03:40,133 [Worker-6: Loading available Gradle versions] INFO  c.g.t.t.d.PublishedGradleVersions - Gradle version information cache is up-to-date. Trying to read.
2018-11-06 15:03:41,282 [Worker-5: Decoration Calculation] WARN  org.eclipse.jgit.util.FS - null
2018-11-06 15:42:29,185 [Worker-6: Loading available Gradle versions] INFO  c.g.t.t.d.PublishedGradleVersions - Gradle version information cache is out-of-date. Trying to update.
2018-11-07 14:03:52,666 [Worker-4: Loading available Gradle versions] INFO  c.g.t.t.d.PublishedGradleVersions - Gradle version information cache is out-of-date. Trying to update.
2018-11-07 14:03:53,665 [Worker-8: Decoration Calculation] WARN  org.eclipse.jgit.util.FS - null
2018-11-12 17:04:41,863 [Worker-7: Loading available Gradle versions] INFO  c.g.t.t.d.PublishedGradleVersions - Gradle version information cache is out-of-date. Trying to update.
2018-11-12 17:04:42,927 [Worker-8: Decoration Calculation] WARN  org.eclipse.jgit.util.FS - null
2018-11-19 20:04:23,727 [Worker-2: Loading available Gradle versions] INFO  c.g.t.t.d.PublishedGradleVersions - Gradle version information cache is out-of-date. Trying to update.
2018-11-19 20:04:24,775 [Worker-11: Decoration Calculation] WARN  org.eclipse.jgit.util.FS - null
